
///////////////////////////////////
// Efinity Synthesis Started 
// Nov 10, 2025 17:59:55
///////////////////////////////////


///////////////////////////////////
// Efinity Synthesis Started 
// Nov 11, 2025 14:19:40
///////////////////////////////////


///////////////////////////////////
// Efinity Synthesis Started 
// Nov 11, 2025 19:49:13
///////////////////////////////////


///////////////////////////////////
// Efinity Synthesis Started 
// Nov 11, 2025 20:18:11
///////////////////////////////////


///////////////////////////////////
// Efinity Synthesis Started 
// Nov 11, 2025 20:55:08
///////////////////////////////////


///////////////////////////////////
// Efinity Synthesis Started 
// Nov 11, 2025 21:10:01
///////////////////////////////////


///////////////////////////////////
// Efinity Synthesis Started 
// Nov 11, 2025 22:06:46
///////////////////////////////////


///////////////////////////////////
// Efinity Synthesis Started 
// Nov 12, 2025 10:54:51
///////////////////////////////////


///////////////////////////////////
// Efinity Synthesis Started 
// Nov 12, 2025 11:40:04
///////////////////////////////////


///////////////////////////////////
// Efinity Synthesis Started 
// Nov 12, 2025 12:17:16
///////////////////////////////////


///////////////////////////////////
// Efinity Synthesis Started 
// Nov 12, 2025 12:39:24
///////////////////////////////////


///////////////////////////////////
// Efinity Synthesis Started 
// Nov 12, 2025 13:44:26
///////////////////////////////////


///////////////////////////////////
// Efinity Synthesis Started 
// Nov 12, 2025 14:15:02
///////////////////////////////////


///////////////////////////////////
// Efinity Synthesis Started 
// Nov 12, 2025 14:27:52
///////////////////////////////////


///////////////////////////////////
// Efinity Synthesis Started 
// Nov 12, 2025 14:37:09
///////////////////////////////////


///////////////////////////////////
// Efinity Synthesis Started 
// Nov 12, 2025 15:35:39
///////////////////////////////////


///////////////////////////////////
// Efinity Synthesis Started 
// Nov 12, 2025 15:45:16
///////////////////////////////////


///////////////////////////////////
// Efinity Synthesis Started 
// Nov 12, 2025 15:51:40
///////////////////////////////////


///////////////////////////////////
// Efinity Synthesis Started 
// Nov 12, 2025 15:59:30
///////////////////////////////////


///////////////////////////////////
// Efinity Synthesis Started 
// Nov 12, 2025 16:12:37
///////////////////////////////////


///////////////////////////////////
// Efinity Synthesis Started 
// Nov 12, 2025 16:29:09
///////////////////////////////////


///////////////////////////////////
// Efinity Synthesis Started 
// Nov 12, 2025 16:43:04
///////////////////////////////////


///////////////////////////////////
// Efinity Synthesis Started 
// Nov 12, 2025 16:58:38
///////////////////////////////////


///////////////////////////////////
// Efinity Synthesis Started 
// Nov 12, 2025 17:36:23
///////////////////////////////////


///////////////////////////////////
// Efinity Synthesis Started 
// Nov 12, 2025 17:45:00
///////////////////////////////////


///////////////////////////////////
// Efinity Synthesis Started 
// Nov 12, 2025 19:53:24
///////////////////////////////////


///////////////////////////////////
// Efinity Synthesis Started 
// Nov 12, 2025 20:17:17
///////////////////////////////////


///////////////////////////////////
// Efinity Synthesis Started 
// Nov 12, 2025 20:19:48
///////////////////////////////////


///////////////////////////////////
// Efinity Synthesis Started 
// Nov 12, 2025 20:25:47
///////////////////////////////////

[EFX-0010 VERI-ERROR] index 1 is out of range [0:0] for 'axi_master_aw_ready' (VERI-1216) (C:\Users\ahaas\.efinity\project\ti_lpddr4_debug_tools-v2.3\ti_lpddr4_debug_tools\rtl\tools_core.v:485)
[EFX-0021 ERROR] Elaboration of module 'top' failed. Please check previous error messages.

///////////////////////////////////
// Efinity Synthesis Started 
// Nov 12, 2025 20:29:50
///////////////////////////////////

[EFX-0010 VERI-ERROR] part-select direction is opposite from prefix index direction (VERI-1165) (C:\Users\ahaas\.efinity\project\ti_lpddr4_debug_tools-v2.3\ti_lpddr4_debug_tools\rtl\tools_core.v:486)
[EFX-0010 VERI-ERROR] index 32 is out of range [31:0] for 'axi_master_aw_addr' (VERI-1216) (C:\Users\ahaas\.efinity\project\ti_lpddr4_debug_tools-v2.3\ti_lpddr4_debug_tools\rtl\tools_core.v:486)
[EFX-0021 ERROR] Elaboration of module 'top' failed. Please check previous error messages.

///////////////////////////////////
// Efinity Synthesis Started 
// Nov 12, 2025 20:38:04
///////////////////////////////////


///////////////////////////////////
// Efinity Synthesis Started 
// Nov 12, 2025 21:16:26
///////////////////////////////////


///////////////////////////////////
// Efinity Synthesis Started 
// Nov 12, 2025 21:36:14
///////////////////////////////////


///////////////////////////////////
// Efinity Synthesis Started 
// Nov 12, 2025 21:47:41
///////////////////////////////////


///////////////////////////////////
// Efinity Synthesis Started 
// Nov 12, 2025 21:57:22
///////////////////////////////////


///////////////////////////////////
// Efinity Synthesis Started 
// Nov 12, 2025 22:18:08
///////////////////////////////////


///////////////////////////////////
// Efinity Synthesis Started 
// Nov 12, 2025 22:31:46
///////////////////////////////////


///////////////////////////////////
// Efinity Synthesis Started 
// Nov 12, 2025 22:42:50
///////////////////////////////////


///////////////////////////////////
// Efinity Synthesis Started 
// Nov 12, 2025 22:55:50
///////////////////////////////////


///////////////////////////////////
// Efinity Synthesis Started 
// Nov 12, 2025 23:01:13
///////////////////////////////////


///////////////////////////////////
// Efinity Synthesis Started 
// Nov 12, 2025 23:14:51
///////////////////////////////////


///////////////////////////////////
// Efinity Synthesis Started 
// Nov 12, 2025 23:21:43
///////////////////////////////////


///////////////////////////////////
// Efinity Synthesis Started 
// Nov 12, 2025 23:37:00
///////////////////////////////////


///////////////////////////////////
// Efinity Synthesis Started 
// Nov 12, 2025 23:42:01
///////////////////////////////////


///////////////////////////////////
// Efinity Synthesis Started 
// Nov 12, 2025 23:49:35
///////////////////////////////////

