2025-06-19 16:49:49,450 DEBUG: efx_dbg.jtag.jcf (67): log(): write_ir: 5: 11111
2025-06-19 16:52:35,456 DEBUG: efx_dbg.jtag.jcf (67): log(): write_ir: 5: 11111
2025-06-19 16:52:35,630 DEBUG: efx_dbg.jtag.jcf (67): log(): write_ir: 5: 00011
2025-06-19 16:52:35,646 DEBUG: efx_dbg.jtag.jcf (67): log(): read_dr(32): 32: 00000000 01101010 00001010 01111001
2025-06-19 16:52:35,930 DEBUG: efx_dbg.jtag.jcf (67): log(): write_ir: 5: 00100
2025-06-19 16:52:52,439 DEBUG: efx_dbg.jtag.jcf (67): log(): write_ir: 5: 00111
2025-06-19 16:52:52,441 DEBUG: efx_dbg.jtag.jcf (67): log(): write_dr: 100: 0000 00000000 00000000 00000000 00000000 00000000 00000000 00000000 00000000 00000000 00000000 00000000 00000000
2025-06-19 16:52:52,445 DEBUG: efx_dbg.jtag.jcf (67): log(): write_ir: 5: 00011
2025-06-19 16:52:52,782 DEBUG: efx_dbg.jtag.jcf (67): log(): write_ir: 5: 11111
2025-06-19 16:52:56,115 DEBUG: efx_dbg.jtag.jcf (67): log(): write_ir: 5: 01100
2025-06-19 16:52:56,120 DEBUG: efx_dbg.jtag.jcf (67): log(): read_dr_with_ir(32): ir=5: 01100 data=32: 00000001 00000110 11010111 10010111
2025-06-19 16:53:32,110 INFO: efx_dbg.jtag (2165): on_configure(): IN
2025-06-19 16:53:32,111 DEBUG: efx_dbg.jtag (2179): on_configure(): IN, all_sessions = {}
2025-06-19 16:53:32,112 DEBUG: efx_dbg.jtag (2180): on_configure(): IN, all_engins = []
2025-06-19 16:53:32,112 INFO: efx_dbg.jtag (2189): on_configure(): Creaing new engine: url = ftdi://0x0403:0x6011:0:2/1, tap = efx_ti
2025-06-19 16:53:32,158 DEBUG: efx_dbg.jtag.jcf (67): on_configure(): write_ir: 5: 01000
2025-06-19 16:53:32,159 DEBUG: efx_dbg.jtag.jcf (67): on_configure(): write_ir: 5: 01000
2025-06-19 16:53:32,160 DEBUG: efx_dbg.jtag.jcf (67): on_configure(): write_ir: 5: 01001
2025-06-19 16:53:32,161 DEBUG: efx_dbg.jtag.jcf (67): on_configure(): write_ir: 5: 01001
2025-06-19 16:53:32,162 DEBUG: efx_dbg.jtag.jcf (67): on_configure(): write_ir: 5: 01010
2025-06-19 16:53:32,163 DEBUG: efx_dbg.jtag.jcf (67): on_configure(): write_ir: 5: 01010
2025-06-19 16:53:32,164 DEBUG: efx_dbg.jtag.jcf (67): on_configure(): write_ir: 5: 01011
2025-06-19 16:53:32,165 DEBUG: efx_dbg.jtag.jcf (67): on_configure(): write_ir: 5: 01011
2025-06-19 16:53:32,166 DEBUG: efx_dbg.jtag (2242): on_configure(): OUT, all_sessions = {'15938aa852e2450a9ff042220afe9d8d': <efx_dbg.jtag.JtagSession object at 0x0000020DC5014ED0>}
2025-06-19 16:53:32,166 DEBUG: efx_dbg.jtag (2243): on_configure(): OUT, all_engins = [<efx_dbg.engine.SharedJtagEngine object at 0x0000020DE149B010>]
2025-06-19 16:53:32,166 INFO: efx_dbg.jtag (2244): on_configure(): OUT, session_id = 15938aa852e2450a9ff042220afe9d8d
