2025-06-19 16:36:56,169 DEBUG: efx_dbg.jtag.jcf (67): log(): write_ir: 5: 11111
2025-06-19 16:37:11,449 DEBUG: efx_dbg.jtag.jcf (67): log(): write_ir: 5: 11111
2025-06-19 16:37:13,177 DEBUG: efx_dbg.jtag.jcf (67): log(): write_ir: 5: 11111
2025-06-19 16:37:23,233 DEBUG: efx_dbg.jtag.jcf (67): log(): write_ir: 5: 11111
2025-06-19 16:37:26,568 DEBUG: efx_dbg.jtag.jcf (67): log(): write_ir: 5: 01100
2025-06-19 16:37:26,572 DEBUG: efx_dbg.jtag.jcf (67): log(): read_dr_with_ir(32): ir=5: 01100 data=32: 00000001 00000110 11010011 10010111
2025-06-19 16:45:24,181 INFO: efx_dbg.jtag (2165): on_configure(): IN
2025-06-19 16:45:24,183 DEBUG: efx_dbg.jtag (2179): on_configure(): IN, all_sessions = {}
2025-06-19 16:45:24,184 DEBUG: efx_dbg.jtag (2180): on_configure(): IN, all_engins = []
2025-06-19 16:45:24,184 INFO: efx_dbg.jtag (2189): on_configure(): Creaing new engine: url = ftdi://0x0403:0x6011:0:2/1, tap = efx_ti
2025-06-19 16:45:24,226 DEBUG: efx_dbg.jtag.jcf (67): on_configure(): write_ir: 5: 01000
2025-06-19 16:45:24,228 DEBUG: efx_dbg.jtag.jcf (67): on_configure(): write_ir: 5: 01000
2025-06-19 16:45:24,229 DEBUG: efx_dbg.jtag.jcf (67): on_configure(): write_ir: 5: 01001
2025-06-19 16:45:24,230 DEBUG: efx_dbg.jtag.jcf (67): on_configure(): write_ir: 5: 01001
2025-06-19 16:45:24,231 DEBUG: efx_dbg.jtag.jcf (67): on_configure(): write_ir: 5: 01010
2025-06-19 16:45:24,232 DEBUG: efx_dbg.jtag.jcf (67): on_configure(): write_ir: 5: 01010
2025-06-19 16:45:24,233 DEBUG: efx_dbg.jtag.jcf (67): on_configure(): write_ir: 5: 01011
2025-06-19 16:45:24,234 DEBUG: efx_dbg.jtag.jcf (67): on_configure(): write_ir: 5: 01011
2025-06-19 16:45:24,234 DEBUG: efx_dbg.jtag (2242): on_configure(): OUT, all_sessions = {'14e122481b9f4cb4b38e9a1d07f9ceb6': <efx_dbg.jtag.JtagSession object at 0x000001C70EBBDE90>}
2025-06-19 16:45:24,235 DEBUG: efx_dbg.jtag (2243): on_configure(): OUT, all_engins = [<efx_dbg.engine.SharedJtagEngine object at 0x000001C70EB8A850>]
2025-06-19 16:45:24,235 INFO: efx_dbg.jtag (2244): on_configure(): OUT, session_id = 14e122481b9f4cb4b38e9a1d07f9ceb6
