2025-06-19 17:00:17,235 DEBUG: efx_dbg.jtag.jcf (67): log(): write_ir: 5: 11111
2025-06-19 17:00:37,882 DEBUG: efx_dbg.jtag.jcf (67): log(): write_ir: 5: 11111
2025-06-19 17:00:38,026 DEBUG: efx_dbg.jtag.jcf (67): log(): write_ir: 5: 00011
2025-06-19 17:00:38,041 DEBUG: efx_dbg.jtag.jcf (67): log(): read_dr(32): 32: 00000000 01101010 00001010 01111001
2025-06-19 17:00:38,331 DEBUG: efx_dbg.jtag.jcf (67): log(): write_ir: 5: 00100
2025-06-19 17:00:55,388 DEBUG: efx_dbg.jtag.jcf (67): log(): write_ir: 5: 00111
2025-06-19 17:00:55,390 DEBUG: efx_dbg.jtag.jcf (67): log(): write_dr: 100: 0000 00000000 00000000 00000000 00000000 00000000 00000000 00000000 00000000 00000000 00000000 00000000 00000000
2025-06-19 17:00:55,392 DEBUG: efx_dbg.jtag.jcf (67): log(): write_ir: 5: 00011
2025-06-19 17:00:55,724 DEBUG: efx_dbg.jtag.jcf (67): log(): write_ir: 5: 11111
2025-06-19 17:00:59,056 DEBUG: efx_dbg.jtag.jcf (67): log(): write_ir: 5: 01100
2025-06-19 17:00:59,057 DEBUG: efx_dbg.jtag.jcf (67): log(): read_dr_with_ir(32): ir=5: 01100 data=32: 00000001 00000110 11010111 10010111
2025-06-19 17:01:01,693 INFO: efx_dbg.jtag (2165): on_configure(): IN
2025-06-19 17:01:01,694 DEBUG: efx_dbg.jtag (2179): on_configure(): IN, all_sessions = {}
2025-06-19 17:01:01,695 DEBUG: efx_dbg.jtag (2180): on_configure(): IN, all_engins = []
2025-06-19 17:01:01,695 INFO: efx_dbg.jtag (2189): on_configure(): Creaing new engine: url = ftdi://0x0403:0x6011:0:2/1, tap = efx_ti
2025-06-19 17:01:01,735 DEBUG: efx_dbg.jtag.jcf (67): on_configure(): write_ir: 5: 01000
2025-06-19 17:01:01,736 DEBUG: efx_dbg.jtag.jcf (67): on_configure(): write_ir: 5: 01000
2025-06-19 17:01:01,737 DEBUG: efx_dbg.jtag.jcf (67): on_configure(): write_ir: 5: 01001
2025-06-19 17:01:01,738 DEBUG: efx_dbg.jtag.jcf (67): on_configure(): write_ir: 5: 01001
2025-06-19 17:01:01,739 DEBUG: efx_dbg.jtag.jcf (67): on_configure(): write_ir: 5: 01010
2025-06-19 17:01:01,740 DEBUG: efx_dbg.jtag.jcf (67): on_configure(): write_ir: 5: 01010
2025-06-19 17:01:01,741 DEBUG: efx_dbg.jtag.jcf (67): on_configure(): write_ir: 5: 01011
2025-06-19 17:01:01,742 DEBUG: efx_dbg.jtag.jcf (67): on_configure(): write_ir: 5: 01011
2025-06-19 17:01:01,743 DEBUG: efx_dbg.jtag (2242): on_configure(): OUT, all_sessions = {'c0b79c7f802845b297b791025e783ec1': <efx_dbg.jtag.JtagSession object at 0x000002ABD81D8950>}
2025-06-19 17:01:01,743 DEBUG: efx_dbg.jtag (2243): on_configure(): OUT, all_engins = [<efx_dbg.engine.SharedJtagEngine object at 0x000002ABF9AEA050>]
2025-06-19 17:01:01,743 INFO: efx_dbg.jtag (2244): on_configure(): OUT, session_id = c0b79c7f802845b297b791025e783ec1
